C:\USERS\FROG\DOCUMENTS\VISUAL STUDIO 2010\PROJECTS\GRAPHICSEXAMPLE\DEBUG\GRAPHICSEXAMPLE.EXE
C:\USERS\FROG\DOCUMENTS\VISUAL STUDIO 2010\PROJECTS\GRAPHICSEXAMPLE\DEBUG\GRAPHICSEXAMPLE.ILK
C:\USERS\FROG\DOCUMENTS\VISUAL STUDIO 2010\PROJECTS\GRAPHICSEXAMPLE\DEBUG\GRAPHICSEXAMPLE.PDB
C:\USERS\FROG\DOCUMENTS\VISUAL STUDIO 2010\PROJECTS\GRAPHICSEXAMPLE\GRAPHICSEXAMPLE\DEBUG\BGIOUT.OBJ
c:\Users\Frog\documents\visual studio 2010\Projects\GraphicsExample\GraphicsExample\Debug\cl.command.1.tlog
c:\Users\Frog\documents\visual studio 2010\Projects\GraphicsExample\GraphicsExample\Debug\CL.read.1.tlog
c:\Users\Frog\documents\visual studio 2010\Projects\GraphicsExample\GraphicsExample\Debug\CL.write.1.tlog
C:\USERS\FROG\DOCUMENTS\VISUAL STUDIO 2010\PROJECTS\GRAPHICSEXAMPLE\GRAPHICSEXAMPLE\DEBUG\DIBUTIL.OBJ
C:\USERS\FROG\DOCUMENTS\VISUAL STUDIO 2010\PROJECTS\GRAPHICSEXAMPLE\GRAPHICSEXAMPLE\DEBUG\DRAWING.OBJ
C:\USERS\FROG\DOCUMENTS\VISUAL STUDIO 2010\PROJECTS\GRAPHICSEXAMPLE\GRAPHICSEXAMPLE\DEBUG\FILE.OBJ
C:\USERS\FROG\DOCUMENTS\VISUAL STUDIO 2010\PROJECTS\GRAPHICSEXAMPLE\GRAPHICSEXAMPLE\DEBUG\GRAPHICSEXAMPLE.EXE.EMBED.MANIFEST
C:\USERS\FROG\DOCUMENTS\VISUAL STUDIO 2010\PROJECTS\GRAPHICSEXAMPLE\GRAPHICSEXAMPLE\DEBUG\GRAPHICSEXAMPLE.EXE.EMBED.MANIFEST.RES
C:\USERS\FROG\DOCUMENTS\VISUAL STUDIO 2010\PROJECTS\GRAPHICSEXAMPLE\GRAPHICSEXAMPLE\DEBUG\GRAPHICSEXAMPLE.EXE.INTERMEDIATE.MANIFEST
c:\Users\Frog\documents\visual studio 2010\Projects\GraphicsExample\GraphicsExample\Debug\GraphicsExample_manifest.rc
c:\Users\Frog\documents\visual studio 2010\Projects\GraphicsExample\GraphicsExample\Debug\link.5720.read.1.tlog
c:\Users\Frog\documents\visual studio 2010\Projects\GraphicsExample\GraphicsExample\Debug\link.5720.write.1.tlog
c:\Users\Frog\documents\visual studio 2010\Projects\GraphicsExample\GraphicsExample\Debug\link.5720-cvtres.read.1.tlog
c:\Users\Frog\documents\visual studio 2010\Projects\GraphicsExample\GraphicsExample\Debug\link.5720-cvtres.write.1.tlog
c:\Users\Frog\documents\visual studio 2010\Projects\GraphicsExample\GraphicsExample\Debug\link.command.1.tlog
c:\Users\Frog\documents\visual studio 2010\Projects\GraphicsExample\GraphicsExample\Debug\link.read.1.tlog
c:\Users\Frog\documents\visual studio 2010\Projects\GraphicsExample\GraphicsExample\Debug\link.write.1.tlog
c:\Users\Frog\documents\visual studio 2010\Projects\GraphicsExample\GraphicsExample\Debug\link-cvtres.read.1.tlog
c:\Users\Frog\documents\visual studio 2010\Projects\GraphicsExample\GraphicsExample\Debug\link-cvtres.write.1.tlog
C:\USERS\FROG\DOCUMENTS\VISUAL STUDIO 2010\PROJECTS\GRAPHICSEXAMPLE\GRAPHICSEXAMPLE\DEBUG\MAIN.OBJ
C:\USERS\FROG\DOCUMENTS\VISUAL STUDIO 2010\PROJECTS\GRAPHICSEXAMPLE\GRAPHICSEXAMPLE\DEBUG\MISC.OBJ
C:\USERS\FROG\DOCUMENTS\VISUAL STUDIO 2010\PROJECTS\GRAPHICSEXAMPLE\GRAPHICSEXAMPLE\DEBUG\MOUSE.OBJ
c:\Users\Frog\documents\visual studio 2010\Projects\GraphicsExample\GraphicsExample\Debug\mt.command.1.tlog
c:\Users\Frog\documents\visual studio 2010\Projects\GraphicsExample\GraphicsExample\Debug\mt.read.1.tlog
c:\Users\Frog\documents\visual studio 2010\Projects\GraphicsExample\GraphicsExample\Debug\mt.write.1.tlog
C:\USERS\FROG\DOCUMENTS\VISUAL STUDIO 2010\PROJECTS\GRAPHICSEXAMPLE\GRAPHICSEXAMPLE\DEBUG\PALETTE.OBJ
c:\Users\Frog\documents\visual studio 2010\Projects\GraphicsExample\GraphicsExample\Debug\rc.command.1.tlog
c:\Users\Frog\documents\visual studio 2010\Projects\GraphicsExample\GraphicsExample\Debug\rc.read.1.tlog
c:\Users\Frog\documents\visual studio 2010\Projects\GraphicsExample\GraphicsExample\Debug\rc.write.1.tlog
C:\USERS\FROG\DOCUMENTS\VISUAL STUDIO 2010\PROJECTS\GRAPHICSEXAMPLE\GRAPHICSEXAMPLE\DEBUG\TEXT.OBJ
c:\Users\Frog\documents\visual studio 2010\Projects\GraphicsExample\GraphicsExample\Debug\vc100.idb
C:\USERS\FROG\DOCUMENTS\VISUAL STUDIO 2010\PROJECTS\GRAPHICSEXAMPLE\GRAPHICSEXAMPLE\DEBUG\VC100.PDB
C:\USERS\FROG\DOCUMENTS\VISUAL STUDIO 2010\PROJECTS\GRAPHICSEXAMPLE\GRAPHICSEXAMPLE\DEBUG\WINBGI.OBJ
C:\USERS\FROG\DOCUMENTS\VISUAL STUDIO 2010\PROJECTS\GRAPHICSEXAMPLE\GRAPHICSEXAMPLE\DEBUG\WINTHREAD.OBJ
